{"/Users/jamesgrantham/Documents/LambdaProjects/16-Backend-Build/friend-finder-server/knexfile.js": {"path":"/Users/jamesgrantham/Documents/LambdaProjects/16-Backend-Build/friend-finder-server/knexfile.js","statementMap":{"0":{"start":{"line":1,"column":0},"end":{"line":66,"column":2}},"1":{"start":{"line":16,"column":8},"end":{"line":16,"column":51}},"2":{"start":{"line":35,"column":8},"end":{"line":35,"column":51}}},"fnMap":{"0":{"name":"(anonymous_0)","decl":{"start":{"line":15,"column":19},"end":{"line":15,"column":20}},"loc":{"start":{"line":15,"column":35},"end":{"line":17,"column":7}},"line":15},"1":{"name":"(anonymous_1)","decl":{"start":{"line":34,"column":19},"end":{"line":34,"column":20}},"loc":{"start":{"line":34,"column":35},"end":{"line":36,"column":7}},"line":34}},"branchMap":{},"s":{"0":3,"1":2,"2":0},"f":{"0":2,"1":0},"b":{},"_coverageSchema":"43e27e138ebf9cfc5966b082cf9a028302ed4184","hash":"a6509885faf3f370ec316273956cf18a3571c429"}
,"/Users/jamesgrantham/Documents/LambdaProjects/16-Backend-Build/friend-finder-server/api/server.js": {"path":"/Users/jamesgrantham/Documents/LambdaProjects/16-Backend-Build/friend-finder-server/api/server.js","statementMap":{"0":{"start":{"line":1,"column":0},"end":{"line":1,"column":27}},"1":{"start":{"line":3,"column":16},"end":{"line":3,"column":34}},"2":{"start":{"line":4,"column":13},"end":{"line":4,"column":28}},"3":{"start":{"line":5,"column":15},"end":{"line":5,"column":32}},"4":{"start":{"line":7,"column":19},"end":{"line":7,"column":55}},"5":{"start":{"line":8,"column":19},"end":{"line":8,"column":56}},"6":{"start":{"line":9,"column":21},"end":{"line":9,"column":66}},"7":{"start":{"line":11,"column":15},"end":{"line":11,"column":24}},"8":{"start":{"line":13,"column":0},"end":{"line":13,"column":21}},"9":{"start":{"line":14,"column":0},"end":{"line":14,"column":19}},"10":{"start":{"line":15,"column":0},"end":{"line":15,"column":27}},"11":{"start":{"line":17,"column":0},"end":{"line":19,"column":3}},"12":{"start":{"line":18,"column":2},"end":{"line":18,"column":29}},"13":{"start":{"line":21,"column":0},"end":{"line":21,"column":36}},"14":{"start":{"line":22,"column":0},"end":{"line":22,"column":51}},"15":{"start":{"line":25,"column":0},"end":{"line":25,"column":24}}},"fnMap":{"0":{"name":"(anonymous_0)","decl":{"start":{"line":17,"column":16},"end":{"line":17,"column":17}},"loc":{"start":{"line":17,"column":30},"end":{"line":19,"column":1}},"line":17}},"branchMap":{},"s":{"0":3,"1":3,"2":3,"3":3,"4":3,"5":3,"6":3,"7":3,"8":3,"9":3,"10":3,"11":3,"12":4,"13":3,"14":3,"15":3},"f":{"0":4},"b":{},"_coverageSchema":"43e27e138ebf9cfc5966b082cf9a028302ed4184","hash":"38ba61b2a2fbc13950c2a5dd4334382ae946f329"}
,"/Users/jamesgrantham/Documents/LambdaProjects/16-Backend-Build/friend-finder-server/database/dbConfig.js": {"path":"/Users/jamesgrantham/Documents/LambdaProjects/16-Backend-Build/friend-finder-server/database/dbConfig.js","statementMap":{"0":{"start":{"line":1,"column":13},"end":{"line":1,"column":28}},"1":{"start":{"line":3,"column":19},"end":{"line":3,"column":44}},"2":{"start":{"line":5,"column":20},"end":{"line":5,"column":55}},"3":{"start":{"line":7,"column":0},"end":{"line":7,"column":47}}},"fnMap":{},"branchMap":{"0":{"loc":{"start":{"line":5,"column":20},"end":{"line":5,"column":55}},"type":"binary-expr","locations":[{"start":{"line":5,"column":20},"end":{"line":5,"column":38}},{"start":{"line":5,"column":42},"end":{"line":5,"column":55}}],"line":5}},"s":{"0":3,"1":3,"2":3,"3":3},"f":{},"b":{"0":[3,3]},"_coverageSchema":"43e27e138ebf9cfc5966b082cf9a028302ed4184","hash":"3dbe01b525ae1f536bcb564c9d6a676ab3b7d032"}
,"/Users/jamesgrantham/Documents/LambdaProjects/16-Backend-Build/friend-finder-server/database/seeds/00-cleanup.js": {"path":"/Users/jamesgrantham/Documents/LambdaProjects/16-Backend-Build/friend-finder-server/database/seeds/00-cleanup.js","statementMap":{"0":{"start":{"line":1,"column":0},"end":{"line":13,"column":2}},"1":{"start":{"line":2,"column":2},"end":{"line":12,"column":3}},"2":{"start":{"line":6,"column":4},"end":{"line":6,"column":42}},"3":{"start":{"line":7,"column":4},"end":{"line":7,"column":45}},"4":{"start":{"line":8,"column":4},"end":{"line":8,"column":38}},"5":{"start":{"line":9,"column":4},"end":{"line":9,"column":37}},"6":{"start":{"line":10,"column":4},"end":{"line":10,"column":39}},"7":{"start":{"line":11,"column":4},"end":{"line":11,"column":35}}},"fnMap":{"0":{"name":"(anonymous_0)","decl":{"start":{"line":1,"column":15},"end":{"line":1,"column":16}},"loc":{"start":{"line":1,"column":36},"end":{"line":13,"column":1}},"line":1}},"branchMap":{"0":{"loc":{"start":{"line":2,"column":2},"end":{"line":12,"column":3}},"type":"if","locations":[{"start":{"line":2,"column":2},"end":{"line":12,"column":3}},{"start":{"line":2,"column":2},"end":{"line":12,"column":3}}],"line":2},"1":{"loc":{"start":{"line":3,"column":4},"end":{"line":4,"column":36}},"type":"binary-expr","locations":[{"start":{"line":3,"column":4},"end":{"line":3,"column":40}},{"start":{"line":4,"column":4},"end":{"line":4,"column":36}}],"line":3}},"s":{"0":1,"1":1,"2":0,"3":0,"4":0,"5":0,"6":0,"7":0},"f":{"0":1},"b":{"0":[0,1],"1":[1,1]},"_coverageSchema":"43e27e138ebf9cfc5966b082cf9a028302ed4184","hash":"318fb779c44f56696a5dfdcba5922abdd18680ea"}
,"/Users/jamesgrantham/Documents/LambdaProjects/16-Backend-Build/friend-finder-server/database/seeds/01-create-users.js": {"path":"/Users/jamesgrantham/Documents/LambdaProjects/16-Backend-Build/friend-finder-server/database/seeds/01-create-users.js","statementMap":{"0":{"start":{"line":1,"column":15},"end":{"line":1,"column":34}},"1":{"start":{"line":2,"column":0},"end":{"line":24,"column":2}},"2":{"start":{"line":6,"column":6},"end":{"line":22,"column":9}}},"fnMap":{"0":{"name":"(anonymous_0)","decl":{"start":{"line":2,"column":15},"end":{"line":2,"column":16}},"loc":{"start":{"line":2,"column":30},"end":{"line":24,"column":1}},"line":2}},"branchMap":{},"s":{"0":1,"1":1,"2":1},"f":{"0":1},"b":{},"_coverageSchema":"43e27e138ebf9cfc5966b082cf9a028302ed4184","hash":"af130146bccc9c429687567d4e17709d6a110dc6"}
,"/Users/jamesgrantham/Documents/LambdaProjects/16-Backend-Build/friend-finder-server/database/seeds/02-questions.js": {"path":"/Users/jamesgrantham/Documents/LambdaProjects/16-Backend-Build/friend-finder-server/database/seeds/02-questions.js","statementMap":{"0":{"start":{"line":1,"column":0},"end":{"line":22,"column":2}},"1":{"start":{"line":5,"column":6},"end":{"line":20,"column":9}}},"fnMap":{"0":{"name":"(anonymous_0)","decl":{"start":{"line":1,"column":15},"end":{"line":1,"column":16}},"loc":{"start":{"line":1,"column":30},"end":{"line":22,"column":1}},"line":1}},"branchMap":{},"s":{"0":1,"1":1},"f":{"0":1},"b":{},"_coverageSchema":"43e27e138ebf9cfc5966b082cf9a028302ed4184","hash":"dfa645cf3935ce42e8446a93aae2bba6154634e9"}
,"/Users/jamesgrantham/Documents/LambdaProjects/16-Backend-Build/friend-finder-server/database/seeds/03-answers.js": {"path":"/Users/jamesgrantham/Documents/LambdaProjects/16-Backend-Build/friend-finder-server/database/seeds/03-answers.js","statementMap":{"0":{"start":{"line":1,"column":0},"end":{"line":37,"column":2}},"1":{"start":{"line":5,"column":6},"end":{"line":35,"column":9}}},"fnMap":{"0":{"name":"(anonymous_0)","decl":{"start":{"line":1,"column":15},"end":{"line":1,"column":16}},"loc":{"start":{"line":1,"column":30},"end":{"line":37,"column":1}},"line":1}},"branchMap":{},"s":{"0":1,"1":0},"f":{"0":0},"b":{},"_coverageSchema":"43e27e138ebf9cfc5966b082cf9a028302ed4184","hash":"c3c8dbbdeb57c5247d41c2650928b64315aadab7"}
,"/Users/jamesgrantham/Documents/LambdaProjects/16-Backend-Build/friend-finder-server/database/seeds/04-question-answers.js": {"path":"/Users/jamesgrantham/Documents/LambdaProjects/16-Backend-Build/friend-finder-server/database/seeds/04-question-answers.js","statementMap":{"0":{"start":{"line":1,"column":0},"end":{"line":37,"column":2}},"1":{"start":{"line":5,"column":6},"end":{"line":35,"column":9}}},"fnMap":{"0":{"name":"(anonymous_0)","decl":{"start":{"line":1,"column":15},"end":{"line":1,"column":16}},"loc":{"start":{"line":1,"column":30},"end":{"line":37,"column":1}},"line":1}},"branchMap":{},"s":{"0":1,"1":0},"f":{"0":0},"b":{},"_coverageSchema":"43e27e138ebf9cfc5966b082cf9a028302ed4184","hash":"5dd4d3550bbd4a30676bf67146bd4112ac7ca714"}
,"/Users/jamesgrantham/Documents/LambdaProjects/16-Backend-Build/friend-finder-server/database/seeds/05-user-answers.js": {"path":"/Users/jamesgrantham/Documents/LambdaProjects/16-Backend-Build/friend-finder-server/database/seeds/05-user-answers.js","statementMap":{"0":{"start":{"line":1,"column":0},"end":{"line":218,"column":2}},"1":{"start":{"line":5,"column":6},"end":{"line":216,"column":9}}},"fnMap":{"0":{"name":"(anonymous_0)","decl":{"start":{"line":1,"column":15},"end":{"line":1,"column":16}},"loc":{"start":{"line":1,"column":30},"end":{"line":218,"column":1}},"line":1}},"branchMap":{},"s":{"0":1,"1":0},"f":{"0":0},"b":{},"_coverageSchema":"43e27e138ebf9cfc5966b082cf9a028302ed4184","hash":"17a18ff32e86980bb9aacff4bfa0b8e9f0f531cd"}
,"/Users/jamesgrantham/Documents/LambdaProjects/16-Backend-Build/friend-finder-server/database/seeds/06-messages.js": {"path":"/Users/jamesgrantham/Documents/LambdaProjects/16-Backend-Build/friend-finder-server/database/seeds/06-messages.js","statementMap":{"0":{"start":{"line":1,"column":0},"end":{"line":253,"column":2}},"1":{"start":{"line":5,"column":6},"end":{"line":251,"column":9}}},"fnMap":{"0":{"name":"(anonymous_0)","decl":{"start":{"line":1,"column":15},"end":{"line":1,"column":16}},"loc":{"start":{"line":1,"column":30},"end":{"line":253,"column":1}},"line":1}},"branchMap":{},"s":{"0":1,"1":0},"f":{"0":0},"b":{},"_coverageSchema":"43e27e138ebf9cfc5966b082cf9a028302ed4184","hash":"6b5c77c0e924567bf0643a9be94907bea8771425"}
,"/Users/jamesgrantham/Documents/LambdaProjects/16-Backend-Build/friend-finder-server/models/auth-model.js": {"path":"/Users/jamesgrantham/Documents/LambdaProjects/16-Backend-Build/friend-finder-server/models/auth-model.js","statementMap":{"0":{"start":{"line":1,"column":11},"end":{"line":1,"column":42}},"1":{"start":{"line":3,"column":0},"end":{"line":8,"column":2}},"2":{"start":{"line":11,"column":2},"end":{"line":11,"column":46}},"3":{"start":{"line":15,"column":2},"end":{"line":17,"column":13}},"4":{"start":{"line":21,"column":15},"end":{"line":21,"column":51}},"5":{"start":{"line":22,"column":2},"end":{"line":22,"column":26}},"6":{"start":{"line":26,"column":2},"end":{"line":29,"column":13}}},"fnMap":{"0":{"name":"findAllUsers","decl":{"start":{"line":10,"column":9},"end":{"line":10,"column":21}},"loc":{"start":{"line":10,"column":24},"end":{"line":12,"column":1}},"line":10},"1":{"name":"findUserBy","decl":{"start":{"line":14,"column":9},"end":{"line":14,"column":19}},"loc":{"start":{"line":14,"column":28},"end":{"line":18,"column":1}},"line":14},"2":{"name":"addUser","decl":{"start":{"line":20,"column":15},"end":{"line":20,"column":22}},"loc":{"start":{"line":20,"column":29},"end":{"line":23,"column":1}},"line":20},"3":{"name":"findUserById","decl":{"start":{"line":25,"column":9},"end":{"line":25,"column":21}},"loc":{"start":{"line":25,"column":26},"end":{"line":30,"column":1}},"line":25}},"branchMap":{},"s":{"0":3,"1":3,"2":0,"3":5,"4":6,"5":5,"6":5},"f":{"0":0,"1":5,"2":6,"3":5},"b":{},"_coverageSchema":"43e27e138ebf9cfc5966b082cf9a028302ed4184","hash":"b7b4c0e32f433a4debb4dc59ff77b9b60aedb3a0"}
,"/Users/jamesgrantham/Documents/LambdaProjects/16-Backend-Build/friend-finder-server/models/users-model.js": {"path":"/Users/jamesgrantham/Documents/LambdaProjects/16-Backend-Build/friend-finder-server/models/users-model.js","statementMap":{"0":{"start":{"line":1,"column":11},"end":{"line":1,"column":42}},"1":{"start":{"line":3,"column":0},"end":{"line":13,"column":2}},"2":{"start":{"line":16,"column":2},"end":{"line":19,"column":32}},"3":{"start":{"line":23,"column":2},"end":{"line":26,"column":30}},"4":{"start":{"line":30,"column":2},"end":{"line":30,"column":45}},"5":{"start":{"line":31,"column":2},"end":{"line":31,"column":52}},"6":{"start":{"line":35,"column":2},"end":{"line":42,"column":11}},"7":{"start":{"line":39,"column":4},"end":{"line":39,"column":67}},"8":{"start":{"line":46,"column":2},"end":{"line":59,"column":25}},"9":{"start":{"line":53,"column":6},"end":{"line":53,"column":69}},"10":{"start":{"line":63,"column":4},"end":{"line":63,"column":50}},"11":{"start":{"line":64,"column":4},"end":{"line":64,"column":49}},"12":{"start":{"line":68,"column":2},"end":{"line":95,"column":4}},"13":{"start":{"line":99,"column":2},"end":{"line":101,"column":13}},"14":{"start":{"line":105,"column":2},"end":{"line":108,"column":13}}},"fnMap":{"0":{"name":"findReceivedMessageByUserId","decl":{"start":{"line":15,"column":9},"end":{"line":15,"column":36}},"loc":{"start":{"line":15,"column":41},"end":{"line":20,"column":1}},"line":15},"1":{"name":"findSentMessageByUserId","decl":{"start":{"line":22,"column":9},"end":{"line":22,"column":32}},"loc":{"start":{"line":22,"column":37},"end":{"line":27,"column":1}},"line":22},"2":{"name":"sendNewMessage","decl":{"start":{"line":29,"column":15},"end":{"line":29,"column":29}},"loc":{"start":{"line":29,"column":39},"end":{"line":32,"column":1}},"line":29},"3":{"name":"findQuestionsByUserId","decl":{"start":{"line":34,"column":9},"end":{"line":34,"column":30}},"loc":{"start":{"line":34,"column":35},"end":{"line":43,"column":1}},"line":34},"4":{"name":"(anonymous_4)","decl":{"start":{"line":38,"column":34},"end":{"line":38,"column":35}},"loc":{"start":{"line":38,"column":45},"end":{"line":40,"column":3}},"line":38},"5":{"name":"findQuestionAnswers","decl":{"start":{"line":45,"column":9},"end":{"line":45,"column":28}},"loc":{"start":{"line":45,"column":33},"end":{"line":60,"column":3}},"line":45},"6":{"name":"(anonymous_6)","decl":{"start":{"line":52,"column":36},"end":{"line":52,"column":37}},"loc":{"start":{"line":52,"column":47},"end":{"line":54,"column":5}},"line":52},"7":{"name":"sendAnswer","decl":{"start":{"line":62,"column":17},"end":{"line":62,"column":27}},"loc":{"start":{"line":62,"column":36},"end":{"line":65,"column":3}},"line":62},"8":{"name":"potentialFriends","decl":{"start":{"line":67,"column":9},"end":{"line":67,"column":25}},"loc":{"start":{"line":67,"column":37},"end":{"line":96,"column":1}},"line":67},"9":{"name":"findUserBy","decl":{"start":{"line":98,"column":9},"end":{"line":98,"column":19}},"loc":{"start":{"line":98,"column":28},"end":{"line":102,"column":1}},"line":98},"10":{"name":"findUserById","decl":{"start":{"line":104,"column":9},"end":{"line":104,"column":21}},"loc":{"start":{"line":104,"column":26},"end":{"line":109,"column":1}},"line":104}},"branchMap":{},"s":{"0":3,"1":3,"2":1,"3":2,"4":1,"5":1,"6":0,"7":0,"8":0,"9":0,"10":0,"11":0,"12":0,"13":0,"14":0},"f":{"0":1,"1":2,"2":1,"3":0,"4":0,"5":0,"6":0,"7":0,"8":0,"9":0,"10":0},"b":{},"_coverageSchema":"43e27e138ebf9cfc5966b082cf9a028302ed4184","hash":"ed35503b6ba5fdba450d09c3e4a89cbb6c2901dc"}
,"/Users/jamesgrantham/Documents/LambdaProjects/16-Backend-Build/friend-finder-server/routers/auth-router.js": {"path":"/Users/jamesgrantham/Documents/LambdaProjects/16-Backend-Build/friend-finder-server/routers/auth-router.js","statementMap":{"0":{"start":{"line":1,"column":15},"end":{"line":1,"column":42}},"1":{"start":{"line":2,"column":15},"end":{"line":2,"column":34}},"2":{"start":{"line":3,"column":12},"end":{"line":3,"column":35}},"3":{"start":{"line":5,"column":14},"end":{"line":5,"column":45}},"4":{"start":{"line":7,"column":0},"end":{"line":15,"column":3}},"5":{"start":{"line":8,"column":2},"end":{"line":14,"column":7}},"6":{"start":{"line":10,"column":6},"end":{"line":10,"column":22}},"7":{"start":{"line":13,"column":6},"end":{"line":13,"column":51}},"8":{"start":{"line":17,"column":0},"end":{"line":32,"column":3}},"9":{"start":{"line":19,"column":33},"end":{"line":19,"column":41}},"10":{"start":{"line":20,"column":15},"end":{"line":20,"column":44}},"11":{"start":{"line":21,"column":18},"end":{"line":24,"column":3}},"12":{"start":{"line":25,"column":2},"end":{"line":31,"column":7}},"13":{"start":{"line":27,"column":6},"end":{"line":27,"column":33}},"14":{"start":{"line":30,"column":6},"end":{"line":30,"column":69}},"15":{"start":{"line":34,"column":0},"end":{"line":51,"column":3}},"16":{"start":{"line":35,"column":33},"end":{"line":35,"column":41}},"17":{"start":{"line":36,"column":2},"end":{"line":50,"column":7}},"18":{"start":{"line":38,"column":6},"end":{"line":46,"column":7}},"19":{"start":{"line":39,"column":22},"end":{"line":39,"column":41}},"20":{"start":{"line":40,"column":8},"end":{"line":43,"column":11}},"21":{"start":{"line":45,"column":8},"end":{"line":45,"column":76}},"22":{"start":{"line":49,"column":6},"end":{"line":49,"column":65}},"23":{"start":{"line":54,"column":18},"end":{"line":56,"column":3}},"24":{"start":{"line":57,"column":18},"end":{"line":59,"column":3}},"25":{"start":{"line":60,"column":17},"end":{"line":60,"column":35}},"26":{"start":{"line":61,"column":17},"end":{"line":61,"column":51}},"27":{"start":{"line":62,"column":2},"end":{"line":62,"column":16}},"28":{"start":{"line":65,"column":0},"end":{"line":65,"column":24}}},"fnMap":{"0":{"name":"(anonymous_0)","decl":{"start":{"line":7,"column":16},"end":{"line":7,"column":17}},"loc":{"start":{"line":7,"column":30},"end":{"line":15,"column":1}},"line":7},"1":{"name":"(anonymous_1)","decl":{"start":{"line":9,"column":10},"end":{"line":9,"column":11}},"loc":{"start":{"line":9,"column":19},"end":{"line":11,"column":5}},"line":9},"2":{"name":"(anonymous_2)","decl":{"start":{"line":12,"column":11},"end":{"line":12,"column":12}},"loc":{"start":{"line":12,"column":20},"end":{"line":14,"column":5}},"line":12},"3":{"name":"(anonymous_3)","decl":{"start":{"line":17,"column":25},"end":{"line":17,"column":26}},"loc":{"start":{"line":17,"column":39},"end":{"line":32,"column":1}},"line":17},"4":{"name":"(anonymous_4)","decl":{"start":{"line":26,"column":10},"end":{"line":26,"column":11}},"loc":{"start":{"line":26,"column":18},"end":{"line":28,"column":5}},"line":26},"5":{"name":"(anonymous_5)","decl":{"start":{"line":29,"column":11},"end":{"line":29,"column":12}},"loc":{"start":{"line":29,"column":20},"end":{"line":31,"column":5}},"line":29},"6":{"name":"(anonymous_6)","decl":{"start":{"line":34,"column":22},"end":{"line":34,"column":23}},"loc":{"start":{"line":34,"column":36},"end":{"line":51,"column":1}},"line":34},"7":{"name":"(anonymous_7)","decl":{"start":{"line":37,"column":10},"end":{"line":37,"column":11}},"loc":{"start":{"line":37,"column":18},"end":{"line":47,"column":5}},"line":37},"8":{"name":"(anonymous_8)","decl":{"start":{"line":48,"column":11},"end":{"line":48,"column":12}},"loc":{"start":{"line":48,"column":20},"end":{"line":50,"column":5}},"line":48},"9":{"name":"generateToken","decl":{"start":{"line":53,"column":9},"end":{"line":53,"column":22}},"loc":{"start":{"line":53,"column":29},"end":{"line":63,"column":1}},"line":53}},"branchMap":{"0":{"loc":{"start":{"line":38,"column":6},"end":{"line":46,"column":7}},"type":"if","locations":[{"start":{"line":38,"column":6},"end":{"line":46,"column":7}},{"start":{"line":38,"column":6},"end":{"line":46,"column":7}}],"line":38},"1":{"loc":{"start":{"line":38,"column":10},"end":{"line":38,"column":61}},"type":"binary-expr","locations":[{"start":{"line":38,"column":10},"end":{"line":38,"column":14}},{"start":{"line":38,"column":18},"end":{"line":38,"column":61}}],"line":38}},"s":{"0":3,"1":3,"2":3,"3":3,"4":3,"5":0,"6":0,"7":0,"8":3,"9":6,"10":6,"11":6,"12":6,"13":5,"14":1,"15":3,"16":5,"17":5,"18":5,"19":4,"20":4,"21":1,"22":0,"23":4,"24":4,"25":4,"26":4,"27":4,"28":3},"f":{"0":0,"1":0,"2":0,"3":6,"4":5,"5":1,"6":5,"7":5,"8":0,"9":4},"b":{"0":[4,1],"1":[5,4]},"_coverageSchema":"43e27e138ebf9cfc5966b082cf9a028302ed4184","hash":"18b03c923b3aec248f436fa1c6313a281d23f18b"}
,"/Users/jamesgrantham/Documents/LambdaProjects/16-Backend-Build/friend-finder-server/routers/authenticate-middleware.js": {"path":"/Users/jamesgrantham/Documents/LambdaProjects/16-Backend-Build/friend-finder-server/routers/authenticate-middleware.js","statementMap":{"0":{"start":{"line":6,"column":12},"end":{"line":6,"column":35}},"1":{"start":{"line":8,"column":0},"end":{"line":23,"column":2}},"2":{"start":{"line":9,"column":16},"end":{"line":9,"column":41}},"3":{"start":{"line":10,"column":17},"end":{"line":10,"column":35}},"4":{"start":{"line":11,"column":2},"end":{"line":22,"column":3}},"5":{"start":{"line":12,"column":4},"end":{"line":19,"column":6}},"6":{"start":{"line":13,"column":6},"end":{"line":18,"column":7}},"7":{"start":{"line":14,"column":8},"end":{"line":14,"column":70}},"8":{"start":{"line":16,"column":8},"end":{"line":16,"column":39}},"9":{"start":{"line":17,"column":8},"end":{"line":17,"column":14}},"10":{"start":{"line":21,"column":4},"end":{"line":21,"column":64}}},"fnMap":{"0":{"name":"(anonymous_0)","decl":{"start":{"line":8,"column":17},"end":{"line":8,"column":18}},"loc":{"start":{"line":8,"column":37},"end":{"line":23,"column":1}},"line":8},"1":{"name":"(anonymous_1)","decl":{"start":{"line":12,"column":30},"end":{"line":12,"column":31}},"loc":{"start":{"line":12,"column":55},"end":{"line":19,"column":5}},"line":12}},"branchMap":{"0":{"loc":{"start":{"line":11,"column":2},"end":{"line":22,"column":3}},"type":"if","locations":[{"start":{"line":11,"column":2},"end":{"line":22,"column":3}},{"start":{"line":11,"column":2},"end":{"line":22,"column":3}}],"line":11},"1":{"loc":{"start":{"line":13,"column":6},"end":{"line":18,"column":7}},"type":"if","locations":[{"start":{"line":13,"column":6},"end":{"line":18,"column":7}},{"start":{"line":13,"column":6},"end":{"line":18,"column":7}}],"line":13}},"s":{"0":3,"1":3,"2":3,"3":3,"4":3,"5":3,"6":3,"7":0,"8":3,"9":3,"10":0},"f":{"0":3,"1":3},"b":{"0":[3,0],"1":[0,3]},"_coverageSchema":"43e27e138ebf9cfc5966b082cf9a028302ed4184","hash":"79a627eef40e32beb9e80612e27d1aed46006ee9"}
,"/Users/jamesgrantham/Documents/LambdaProjects/16-Backend-Build/friend-finder-server/routers/users-router.js": {"path":"/Users/jamesgrantham/Documents/LambdaProjects/16-Backend-Build/friend-finder-server/routers/users-router.js","statementMap":{"0":{"start":{"line":1,"column":15},"end":{"line":1,"column":42}},"1":{"start":{"line":2,"column":14},"end":{"line":2,"column":46}},"2":{"start":{"line":4,"column":0},"end":{"line":14,"column":3}},"3":{"start":{"line":5,"column":2},"end":{"line":13,"column":7}},"4":{"start":{"line":7,"column":6},"end":{"line":7,"column":21}},"5":{"start":{"line":10,"column":6},"end":{"line":12,"column":65}},"6":{"start":{"line":16,"column":0},"end":{"line":26,"column":3}},"7":{"start":{"line":17,"column":2},"end":{"line":25,"column":7}},"8":{"start":{"line":19,"column":6},"end":{"line":19,"column":25}},"9":{"start":{"line":22,"column":6},"end":{"line":24,"column":69}},"10":{"start":{"line":28,"column":0},"end":{"line":38,"column":3}},"11":{"start":{"line":29,"column":2},"end":{"line":37,"column":7}},"12":{"start":{"line":31,"column":6},"end":{"line":31,"column":25}},"13":{"start":{"line":34,"column":6},"end":{"line":36,"column":69}},"14":{"start":{"line":40,"column":0},"end":{"line":51,"column":3}},"15":{"start":{"line":41,"column":2},"end":{"line":50,"column":3}},"16":{"start":{"line":42,"column":21},"end":{"line":42,"column":80}},"17":{"start":{"line":43,"column":20},"end":{"line":43,"column":77}},"18":{"start":{"line":44,"column":19},"end":{"line":44,"column":43}},"19":{"start":{"line":45,"column":4},"end":{"line":45,"column":21}},"20":{"start":{"line":47,"column":4},"end":{"line":49,"column":68}},"21":{"start":{"line":53,"column":0},"end":{"line":68,"column":3}},"22":{"start":{"line":54,"column":16},"end":{"line":54,"column":35}},"23":{"start":{"line":55,"column":2},"end":{"line":67,"column":7}},"24":{"start":{"line":57,"column":6},"end":{"line":61,"column":7}},"25":{"start":{"line":58,"column":8},"end":{"line":58,"column":43}},"26":{"start":{"line":60,"column":8},"end":{"line":60,"column":38}},"27":{"start":{"line":64,"column":6},"end":{"line":66,"column":68}},"28":{"start":{"line":70,"column":0},"end":{"line":88,"column":3}},"29":{"start":{"line":71,"column":17},"end":{"line":71,"column":41}},"30":{"start":{"line":72,"column":19},"end":{"line":72,"column":36}},"31":{"start":{"line":73,"column":21},"end":{"line":73,"column":40}},"32":{"start":{"line":74,"column":17},"end":{"line":78,"column":3}},"33":{"start":{"line":79,"column":2},"end":{"line":87,"column":7}},"34":{"start":{"line":81,"column":6},"end":{"line":81,"column":25}},"35":{"start":{"line":84,"column":6},"end":{"line":86,"column":69}},"36":{"start":{"line":90,"column":0},"end":{"line":108,"column":3}},"37":{"start":{"line":91,"column":19},"end":{"line":91,"column":43}},"38":{"start":{"line":92,"column":25},"end":{"line":92,"column":41}},"39":{"start":{"line":93,"column":22},"end":{"line":93,"column":40}},"40":{"start":{"line":94,"column":21},"end":{"line":98,"column":3}},"41":{"start":{"line":99,"column":2},"end":{"line":107,"column":7}},"42":{"start":{"line":101,"column":6},"end":{"line":101,"column":25}},"43":{"start":{"line":104,"column":6},"end":{"line":106,"column":69}},"44":{"start":{"line":110,"column":0},"end":{"line":110,"column":24}}},"fnMap":{"0":{"name":"(anonymous_0)","decl":{"start":{"line":4,"column":16},"end":{"line":4,"column":17}},"loc":{"start":{"line":4,"column":30},"end":{"line":14,"column":1}},"line":4},"1":{"name":"(anonymous_1)","decl":{"start":{"line":6,"column":10},"end":{"line":6,"column":11}},"loc":{"start":{"line":6,"column":18},"end":{"line":8,"column":5}},"line":6},"2":{"name":"(anonymous_2)","decl":{"start":{"line":9,"column":11},"end":{"line":9,"column":12}},"loc":{"start":{"line":9,"column":18},"end":{"line":13,"column":5}},"line":9},"3":{"name":"(anonymous_3)","decl":{"start":{"line":16,"column":24},"end":{"line":16,"column":25}},"loc":{"start":{"line":16,"column":38},"end":{"line":26,"column":1}},"line":16},"4":{"name":"(anonymous_4)","decl":{"start":{"line":18,"column":10},"end":{"line":18,"column":11}},"loc":{"start":{"line":18,"column":22},"end":{"line":20,"column":5}},"line":18},"5":{"name":"(anonymous_5)","decl":{"start":{"line":21,"column":11},"end":{"line":21,"column":12}},"loc":{"start":{"line":21,"column":18},"end":{"line":25,"column":5}},"line":21},"6":{"name":"(anonymous_6)","decl":{"start":{"line":28,"column":29},"end":{"line":28,"column":30}},"loc":{"start":{"line":28,"column":43},"end":{"line":38,"column":1}},"line":28},"7":{"name":"(anonymous_7)","decl":{"start":{"line":30,"column":10},"end":{"line":30,"column":11}},"loc":{"start":{"line":30,"column":22},"end":{"line":32,"column":5}},"line":30},"8":{"name":"(anonymous_8)","decl":{"start":{"line":33,"column":11},"end":{"line":33,"column":12}},"loc":{"start":{"line":33,"column":18},"end":{"line":37,"column":5}},"line":33},"9":{"name":"(anonymous_9)","decl":{"start":{"line":40,"column":24},"end":{"line":40,"column":25}},"loc":{"start":{"line":40,"column":44},"end":{"line":51,"column":1}},"line":40},"10":{"name":"(anonymous_10)","decl":{"start":{"line":53,"column":23},"end":{"line":53,"column":24}},"loc":{"start":{"line":53,"column":37},"end":{"line":68,"column":1}},"line":53},"11":{"name":"(anonymous_11)","decl":{"start":{"line":56,"column":10},"end":{"line":56,"column":11}},"loc":{"start":{"line":56,"column":21},"end":{"line":62,"column":5}},"line":56},"12":{"name":"(anonymous_12)","decl":{"start":{"line":63,"column":11},"end":{"line":63,"column":12}},"loc":{"start":{"line":63,"column":18},"end":{"line":67,"column":5}},"line":63},"13":{"name":"(anonymous_13)","decl":{"start":{"line":70,"column":25},"end":{"line":70,"column":26}},"loc":{"start":{"line":70,"column":39},"end":{"line":88,"column":1}},"line":70},"14":{"name":"(anonymous_14)","decl":{"start":{"line":80,"column":10},"end":{"line":80,"column":11}},"loc":{"start":{"line":80,"column":22},"end":{"line":82,"column":5}},"line":80},"15":{"name":"(anonymous_15)","decl":{"start":{"line":83,"column":11},"end":{"line":83,"column":12}},"loc":{"start":{"line":83,"column":18},"end":{"line":87,"column":5}},"line":83},"16":{"name":"(anonymous_16)","decl":{"start":{"line":90,"column":25},"end":{"line":90,"column":26}},"loc":{"start":{"line":90,"column":39},"end":{"line":108,"column":1}},"line":90},"17":{"name":"(anonymous_17)","decl":{"start":{"line":100,"column":10},"end":{"line":100,"column":11}},"loc":{"start":{"line":100,"column":22},"end":{"line":102,"column":5}},"line":100},"18":{"name":"(anonymous_18)","decl":{"start":{"line":103,"column":11},"end":{"line":103,"column":12}},"loc":{"start":{"line":103,"column":18},"end":{"line":107,"column":5}},"line":103}},"branchMap":{"0":{"loc":{"start":{"line":54,"column":16},"end":{"line":54,"column":35}},"type":"binary-expr","locations":[{"start":{"line":54,"column":16},"end":{"line":54,"column":30}},{"start":{"line":54,"column":34},"end":{"line":54,"column":35}}],"line":54},"1":{"loc":{"start":{"line":57,"column":6},"end":{"line":61,"column":7}},"type":"if","locations":[{"start":{"line":57,"column":6},"end":{"line":61,"column":7}},{"start":{"line":57,"column":6},"end":{"line":61,"column":7}}],"line":57}},"s":{"0":3,"1":3,"2":3,"3":0,"4":0,"5":0,"6":3,"7":1,"8":1,"9":0,"10":3,"11":1,"12":1,"13":0,"14":3,"15":0,"16":0,"17":0,"18":0,"19":0,"20":0,"21":3,"22":0,"23":0,"24":0,"25":0,"26":0,"27":0,"28":3,"29":0,"30":0,"31":0,"32":0,"33":0,"34":0,"35":0,"36":3,"37":1,"38":1,"39":1,"40":1,"41":1,"42":1,"43":0,"44":3},"f":{"0":0,"1":0,"2":0,"3":1,"4":1,"5":0,"6":1,"7":1,"8":0,"9":0,"10":0,"11":0,"12":0,"13":0,"14":0,"15":0,"16":1,"17":1,"18":0},"b":{"0":[0,0],"1":[0,0]},"_coverageSchema":"43e27e138ebf9cfc5966b082cf9a028302ed4184","hash":"e43c139850d8b9f2afe71561840302830f8ed121"}
}
