TN:
SF:/Users/jamesgrantham/Documents/LambdaProjects/16-Backend-Build/friend-finder-server/knexfile.js
FN:15,(anonymous_0)
FN:34,(anonymous_1)
FNF:2
FNH:1
FNDA:2,(anonymous_0)
FNDA:0,(anonymous_1)
DA:1,3
DA:16,2
DA:35,0
LF:3
LH:2
BRF:0
BRH:0
end_of_record
TN:
SF:/Users/jamesgrantham/Documents/LambdaProjects/16-Backend-Build/friend-finder-server/api/server.js
FN:17,(anonymous_0)
FNF:1
FNH:1
FNDA:4,(anonymous_0)
DA:1,3
DA:3,3
DA:4,3
DA:5,3
DA:7,3
DA:8,3
DA:9,3
DA:11,3
DA:13,3
DA:14,3
DA:15,3
DA:17,3
DA:18,4
DA:21,3
DA:22,3
DA:25,3
LF:16
LH:16
BRF:0
BRH:0
end_of_record
TN:
SF:/Users/jamesgrantham/Documents/LambdaProjects/16-Backend-Build/friend-finder-server/database/dbConfig.js
FNF:0
FNH:0
DA:1,3
DA:3,3
DA:5,3
DA:7,3
LF:4
LH:4
BRDA:5,0,0,3
BRDA:5,0,1,3
BRF:2
BRH:2
end_of_record
TN:
SF:/Users/jamesgrantham/Documents/LambdaProjects/16-Backend-Build/friend-finder-server/database/seeds/00-cleanup.js
FN:1,(anonymous_0)
FNF:1
FNH:1
FNDA:1,(anonymous_0)
DA:1,1
DA:2,1
DA:6,0
DA:7,0
DA:8,0
DA:9,0
DA:10,0
DA:11,0
LF:8
LH:2
BRDA:2,0,0,0
BRDA:2,0,1,1
BRDA:3,1,0,1
BRDA:3,1,1,1
BRF:4
BRH:3
end_of_record
TN:
SF:/Users/jamesgrantham/Documents/LambdaProjects/16-Backend-Build/friend-finder-server/database/seeds/01-create-users.js
FN:2,(anonymous_0)
FNF:1
FNH:1
FNDA:1,(anonymous_0)
DA:1,1
DA:2,1
DA:6,1
LF:3
LH:3
BRF:0
BRH:0
end_of_record
TN:
SF:/Users/jamesgrantham/Documents/LambdaProjects/16-Backend-Build/friend-finder-server/database/seeds/02-questions.js
FN:1,(anonymous_0)
FNF:1
FNH:1
FNDA:1,(anonymous_0)
DA:1,1
DA:5,1
LF:2
LH:2
BRF:0
BRH:0
end_of_record
TN:
SF:/Users/jamesgrantham/Documents/LambdaProjects/16-Backend-Build/friend-finder-server/database/seeds/03-answers.js
FN:1,(anonymous_0)
FNF:1
FNH:0
FNDA:0,(anonymous_0)
DA:1,1
DA:5,0
LF:2
LH:1
BRF:0
BRH:0
end_of_record
TN:
SF:/Users/jamesgrantham/Documents/LambdaProjects/16-Backend-Build/friend-finder-server/database/seeds/04-question-answers.js
FN:1,(anonymous_0)
FNF:1
FNH:0
FNDA:0,(anonymous_0)
DA:1,1
DA:5,0
LF:2
LH:1
BRF:0
BRH:0
end_of_record
TN:
SF:/Users/jamesgrantham/Documents/LambdaProjects/16-Backend-Build/friend-finder-server/database/seeds/05-user-answers.js
FN:1,(anonymous_0)
FNF:1
FNH:0
FNDA:0,(anonymous_0)
DA:1,1
DA:5,0
LF:2
LH:1
BRF:0
BRH:0
end_of_record
TN:
SF:/Users/jamesgrantham/Documents/LambdaProjects/16-Backend-Build/friend-finder-server/database/seeds/06-messages.js
FN:1,(anonymous_0)
FNF:1
FNH:0
FNDA:0,(anonymous_0)
DA:1,1
DA:5,0
LF:2
LH:1
BRF:0
BRH:0
end_of_record
TN:
SF:/Users/jamesgrantham/Documents/LambdaProjects/16-Backend-Build/friend-finder-server/models/auth-model.js
FN:10,findAllUsers
FN:14,findUserBy
FN:20,addUser
FN:25,findUserById
FNF:4
FNH:3
FNDA:0,findAllUsers
FNDA:5,findUserBy
FNDA:6,addUser
FNDA:5,findUserById
DA:1,3
DA:3,3
DA:11,0
DA:15,5
DA:21,6
DA:22,5
DA:26,5
LF:7
LH:6
BRF:0
BRH:0
end_of_record
TN:
SF:/Users/jamesgrantham/Documents/LambdaProjects/16-Backend-Build/friend-finder-server/models/users-model.js
FN:15,findReceivedMessageByUserId
FN:22,findSentMessageByUserId
FN:29,sendNewMessage
FN:34,findQuestionsByUserId
FN:38,(anonymous_4)
FN:45,findQuestionAnswers
FN:52,(anonymous_6)
FN:62,sendAnswer
FN:67,potentialFriends
FN:98,findUserBy
FN:104,findUserById
FNF:11
FNH:3
FNDA:1,findReceivedMessageByUserId
FNDA:2,findSentMessageByUserId
FNDA:1,sendNewMessage
FNDA:0,findQuestionsByUserId
FNDA:0,(anonymous_4)
FNDA:0,findQuestionAnswers
FNDA:0,(anonymous_6)
FNDA:0,sendAnswer
FNDA:0,potentialFriends
FNDA:0,findUserBy
FNDA:0,findUserById
DA:1,3
DA:3,3
DA:16,1
DA:23,2
DA:30,1
DA:31,1
DA:35,0
DA:39,0
DA:46,0
DA:53,0
DA:63,0
DA:64,0
DA:68,0
DA:99,0
DA:105,0
LF:15
LH:6
BRF:0
BRH:0
end_of_record
TN:
SF:/Users/jamesgrantham/Documents/LambdaProjects/16-Backend-Build/friend-finder-server/routers/auth-router.js
FN:7,(anonymous_0)
FN:9,(anonymous_1)
FN:12,(anonymous_2)
FN:17,(anonymous_3)
FN:26,(anonymous_4)
FN:29,(anonymous_5)
FN:34,(anonymous_6)
FN:37,(anonymous_7)
FN:48,(anonymous_8)
FN:53,generateToken
FNF:10
FNH:6
FNDA:0,(anonymous_0)
FNDA:0,(anonymous_1)
FNDA:0,(anonymous_2)
FNDA:6,(anonymous_3)
FNDA:5,(anonymous_4)
FNDA:1,(anonymous_5)
FNDA:5,(anonymous_6)
FNDA:5,(anonymous_7)
FNDA:0,(anonymous_8)
FNDA:4,generateToken
DA:1,3
DA:2,3
DA:3,3
DA:5,3
DA:7,3
DA:8,0
DA:10,0
DA:13,0
DA:17,3
DA:19,6
DA:20,6
DA:21,6
DA:25,6
DA:27,5
DA:30,1
DA:34,3
DA:35,5
DA:36,5
DA:38,5
DA:39,4
DA:40,4
DA:45,1
DA:49,0
DA:54,4
DA:57,4
DA:60,4
DA:61,4
DA:62,4
DA:65,3
LF:29
LH:25
BRDA:38,0,0,4
BRDA:38,0,1,1
BRDA:38,1,0,5
BRDA:38,1,1,4
BRF:4
BRH:4
end_of_record
TN:
SF:/Users/jamesgrantham/Documents/LambdaProjects/16-Backend-Build/friend-finder-server/routers/authenticate-middleware.js
FN:8,(anonymous_0)
FN:12,(anonymous_1)
FNF:2
FNH:2
FNDA:3,(anonymous_0)
FNDA:3,(anonymous_1)
DA:6,3
DA:8,3
DA:9,3
DA:10,3
DA:11,3
DA:12,3
DA:13,3
DA:14,0
DA:16,3
DA:17,3
DA:21,0
LF:11
LH:9
BRDA:11,0,0,3
BRDA:11,0,1,0
BRDA:13,1,0,0
BRDA:13,1,1,3
BRF:4
BRH:2
end_of_record
TN:
SF:/Users/jamesgrantham/Documents/LambdaProjects/16-Backend-Build/friend-finder-server/routers/users-router.js
FN:4,(anonymous_0)
FN:6,(anonymous_1)
FN:9,(anonymous_2)
FN:16,(anonymous_3)
FN:18,(anonymous_4)
FN:21,(anonymous_5)
FN:28,(anonymous_6)
FN:30,(anonymous_7)
FN:33,(anonymous_8)
FN:40,(anonymous_9)
FN:53,(anonymous_10)
FN:56,(anonymous_11)
FN:63,(anonymous_12)
FN:70,(anonymous_13)
FN:80,(anonymous_14)
FN:83,(anonymous_15)
FN:90,(anonymous_16)
FN:100,(anonymous_17)
FN:103,(anonymous_18)
FNF:19
FNH:6
FNDA:0,(anonymous_0)
FNDA:0,(anonymous_1)
FNDA:0,(anonymous_2)
FNDA:1,(anonymous_3)
FNDA:1,(anonymous_4)
FNDA:0,(anonymous_5)
FNDA:1,(anonymous_6)
FNDA:1,(anonymous_7)
FNDA:0,(anonymous_8)
FNDA:0,(anonymous_9)
FNDA:0,(anonymous_10)
FNDA:0,(anonymous_11)
FNDA:0,(anonymous_12)
FNDA:0,(anonymous_13)
FNDA:0,(anonymous_14)
FNDA:0,(anonymous_15)
FNDA:1,(anonymous_16)
FNDA:1,(anonymous_17)
FNDA:0,(anonymous_18)
DA:1,3
DA:2,3
DA:4,3
DA:5,0
DA:7,0
DA:10,0
DA:16,3
DA:17,1
DA:19,1
DA:22,0
DA:28,3
DA:29,1
DA:31,1
DA:34,0
DA:40,3
DA:41,0
DA:42,0
DA:43,0
DA:44,0
DA:45,0
DA:47,0
DA:53,3
DA:54,0
DA:55,0
DA:57,0
DA:58,0
DA:60,0
DA:64,0
DA:70,3
DA:71,0
DA:72,0
DA:73,0
DA:74,0
DA:79,0
DA:81,0
DA:84,0
DA:90,3
DA:91,1
DA:92,1
DA:93,1
DA:94,1
DA:99,1
DA:101,1
DA:104,0
DA:110,3
LF:45
LH:20
BRDA:54,0,0,0
BRDA:54,0,1,0
BRDA:57,1,0,0
BRDA:57,1,1,0
BRF:4
BRH:0
end_of_record
